<?xml version="1.0" encoding="UTF-8"?>
<!-- Generated by org.testng.reporters.JUnitReportReporter -->
<testsuite skipped="0" hostname="sgondesi02" name="goibibo.com.testcases.LoginTest" tests="1" failures="0" timestamp="12 Dec 2017 20:47:16 GMT" time="17.660" errors="0">
  <testcase name="IbibologinTest" time="17.660" classname="goibibo.com.testcases.LoginTest"/>
</testsuite> <!-- goibibo.com.testcases.LoginTest -->
